<?xml version="1.0" encoding="UTF-8"?>
<testExecutions version="1">
  <file path="/home/travis/build/SonarSource/SonarTS/sonarts-core/tests/cfg/cfg.test.ts">
    <testCase name="empty file" duration="54"/>
    <testCase name="simple literals" duration="67"/>
    <testCase name="identifier expression" duration="19"/>
    <testCase name="call expression" duration="18"/>
    <testCase name="call expression with parameters" duration="37"/>
    <testCase name="assignment" duration="18"/>
    <testCase name="assignment and binary" duration="24"/>
    <testCase name="conditional expression" duration="11"/>
    <testCase name="assignment of conditional expression" duration="9"/>
    <testCase name="array literal" duration="8"/>
    <testCase name="template expression (string literal)" duration="13"/>
    <testCase name="declaration expressions" duration="44"/>
    <testCase name="property access" duration="37"/>
    <testCase name="element access" duration="43"/>
    <testCase name="new expression" duration="15"/>
    <testCase name="tagged template" duration="17"/>
    <testCase name="type assertion expression" duration="34"/>
    <testCase name="delete/typeof/void/await expressions" duration="52"/>
    <testCase name="prefix unary expression" duration="36"/>
    <testCase name="postfix unary expression" duration="20"/>
    <testCase name="&apos;as&apos; expression" duration="8"/>
    <testCase name="non-null expression" duration="24"/>
    <testCase name="spread element" duration="16"/>
    <testCase name="metaproperty" duration="16"/>
    <testCase name="yield expression" duration="23"/>
    <testCase name="&amp;&amp;" duration="27"/>
    <testCase name="parenthesized" duration="28"/>
    <testCase name="||" duration="31"/>
    <testCase name="complex conditional" duration="33"/>
    <testCase name="simple binary operators" duration="144"/>
    <testCase name="keywords" duration="12"/>
    <testCase name="object literal" duration="14"/>
    <testCase name="object destructuring assignment" duration="20"/>
    <testCase name="jsx tag names" duration="82"/>
    <testCase name="jsx attributes" duration="43"/>
    <testCase name="jsx children" duration="30"/>
    <testCase name="if statement" duration="27"/>
    <testCase name="block" duration="8"/>
    <testCase name="for loop" duration="9"/>
    <testCase name="complete for loop" duration="18"/>
    <testCase name="infinite for loop" duration="14"/>
    <testCase name="while loop" duration="19"/>
    <testCase name="do while loop" duration="9"/>
    <testCase name="for in loop" duration="10"/>
    <testCase name="for of loop" duration="9"/>
    <testCase name="switch without break and defaults" duration="42"/>
    <testCase name="switch with default" duration="42"/>
    <testCase name="return" duration="9"/>
    <testCase name="should not forget successors of branching nodes" duration="13"/>
    <testCase name="empty statement" duration="18"/>
    <testCase name="declarations" duration="34"/>
    <testCase name="variable statement" duration="36"/>
    <testCase name="&apos;with&apos; statement" duration="8"/>
    <testCase name="&apos;throw&apos; statement" duration="9"/>
    <testCase name="continue statement" duration="130"/>
    <testCase name="double continue" duration="13"/>
    <testCase name="break statement" duration="184"/>
    <testCase name="labels" duration="19"/>
    <testCase name="mix continue/break statement" duration="10"/>
  </file>
  <file path="/home/travis/build/SonarSource/SonarTS/sonarts-core/tests/symbols/symbols.test.ts">
    <testCase name="variable declarations" duration="10"/>
    <testCase name="other declarations" duration="24"/>
    <testCase name="writes" duration="47"/>
    <testCase name="reads" duration="16"/>
    <testCase name="read-writes" duration="7"/>
    <testCase name="same symbol for shorthand property" duration="5"/>
  </file>
  <file path="/home/travis/build/SonarSource/SonarTS/sonarts-core/tests/runner/sonartsServer.test.ts">
    <testCase name="run analysis on provided content" duration="848"/>
    <testCase name="creates type-checker-based issue" duration="547"/>
    <testCase name="creates cross-file type-checker-based issue" duration="376"/>
    <testCase name="is able to process partial request" duration="914"/>
    <testCase name="reports syntax error" duration="271"/>
    <testCase name="handles custom tsconfig" duration="285"/>
    <testCase name="analyzes newly created files" duration="1315"/>
  </file>
  <file path="/home/travis/build/SonarSource/SonarTS/sonarts-core/tests/runner/tsrunner.test.ts">
    <testCase name="should process full input" duration="1772"/>
    <testCase name="should process files with BOM correctly" duration="1005"/>
    <testCase name="should report syntax errors" duration="565"/>
    <testCase name="should ignore traceResolution property" duration="1290"/>
    <testCase name="should log incremental reports about analysis" duration="632"/>
  </file>
  <file path="/home/travis/build/SonarSource/SonarTS/sonarts-core/tests/tools/cfgViewer/transformer.test.ts">
    <testCase name="should create single block with one element" duration="3"/>
    <testCase name="should create multi-element block" duration="1"/>
    <testCase name="should create edge to the same block" duration="1"/>
    <testCase name="should create branch" duration="1"/>
    <testCase name="should create a loop between nodes" duration="1"/>
    <testCase name="should create unique edge ids" duration="0"/>
  </file>
  <file path="/home/travis/build/SonarSource/SonarTS/sonarts-core/tests/symbols/lva.test.ts">
    <testCase name="linear" duration="9"/>
    <testCase name="simple if" duration="4"/>
    <testCase name="simple loop" duration="5"/>
    <testCase name="loops and branches" duration="9"/>
    <testCase name="ignore class fields" duration="4"/>
    <testCase name="ignore symbols used in nested functions" duration="3"/>
    <testCase name="destructuring" duration="5"/>
  </file>
  <file path="/home/travis/build/SonarSource/SonarTS/sonarts-core/tests/se/se.test.ts">
    <testCase name="Variable Declaration creates unknown symbolic value" duration="38"/>
    <testCase name="Variable Declaration creates literal symbolic value" duration="25"/>
    <testCase name="Variable Declaration initializes with undefined" duration="27"/>
    <testCase name="Variable Declaration initializes with already known symbolic value" duration="22"/>
    <testCase name="Assignment assigns already known symbolic value" duration="20"/>
    <testCase name="Assignment assigns literal symbolic value" duration="18"/>
    <testCase name="Assignment assigns unknown symbolic value" duration="11"/>
    <testCase name="Assignment chains assignments" duration="23"/>
    <testCase name="Assignment assigns unknown to all destructuring identifiers" duration="15"/>
    <testCase name="Increments Decrements changes SV after postfix" duration="14"/>
    <testCase name="Conditions tracks symbolic values across branches" duration="23"/>
    <testCase name="Loops does not cycle on loops" duration="21"/>
    <testCase name="Parameters initializes program state with parameters symbols to unknown" duration="23"/>
  </file>
  <file path="/home/travis/build/SonarSource/SonarTS/sonarts-core/tests/runner/cpd.test.ts">
    <testCase name="should not skip any token" duration="31"/>
    <testCase name="should skip comments" duration="21"/>
    <testCase name="should provide correct position" duration="35"/>
    <testCase name="should replace strings" duration="110"/>
    <testCase name="should process JSX syntax" duration="14"/>
    <testCase name="should process JSX syntax with empty text elements" duration="23"/>
    <testCase name="should process JSX syntax with not empty text elements" duration="10"/>
  </file>
  <file path="/home/travis/build/SonarSource/SonarTS/sonarts-core/tests/runner/highlighter.test.ts">
    <testCase name="should highlight keywords" duration="31"/>
    <testCase name="should highlight comments" duration="25"/>
    <testCase name="should highlight strings" duration="137"/>
    <testCase name="should highlight numbers" duration="57"/>
  </file>
  <file path="/home/travis/build/SonarSource/SonarTS/sonarts-core/tests/runner/metrics.test.ts">
    <testCase name="should return lines of code and comment lines" duration="45"/>
    <testCase name="should return NOSONAR lines" duration="32"/>
    <testCase name="should return executable lines" duration="41"/>
    <testCase name="should count classes" duration="27"/>
    <testCase name="should count functions" duration="16"/>
    <testCase name="should count statements" duration="25"/>
  </file>
  <file path="/home/travis/build/SonarSource/SonarTS/sonarts-core/tests/se/constraints.test.ts">
    <testCase name="If constrains condition to TRUTHY for THEN branch" duration="34"/>
    <testCase name="If constrains condition to FALSY for ELSE branch" duration="24"/>
    <testCase name="If merges constraints after the block" duration="23"/>
    <testCase name="If constrains nested IFs" duration="24"/>
    <testCase name="Conditional expression constrains condition to TRUTHY" duration="25"/>
    <testCase name="Conditional expression constrains condition to FALSE" duration="13"/>
    <testCase name="Conditional expression merges constraints after the block" duration="16"/>
    <testCase name="While constrains condition to TRUTHY" duration="20"/>
    <testCase name="While has only FALSY constraint after the block" duration="12"/>
  </file>
  <file path="/home/travis/build/SonarSource/SonarTS/sonarts-core/tests/runner/sonarUtils.test.ts">
    <testCase name="should stringify to stream" duration="3"/>
  </file>
  <file path="/home/travis/build/SonarSource/SonarTS/sonarts-core/tests/runner/languageService.test.ts">
    <testCase name="should return type information" duration="626"/>
  </file>
  <file path="/home/travis/build/SonarSource/SonarTS/sonarts-core/tests/runner/symbolHighlighting.test.ts">
    <testCase name="should return symbols and their references" duration="43"/>
  </file>
  <file path="/home/travis/build/SonarSource/SonarTS/sonarts-core/tests/se/expressions.test.ts">
    <testCase name="assignment" duration="39"/>
    <testCase name="function call" duration="44"/>
    <testCase name="function call with parameters" duration="23"/>
    <testCase name="object declaration" duration="45"/>
    <testCase name="property access expression" duration="25"/>
    <testCase name="defaults to pushing unknown value" duration="26"/>
    <testCase name="postfix increment" duration="17"/>
    <testCase name="does not push value to the stack" duration="20"/>
  </file>
  <file path="/home/travis/build/SonarSource/SonarTS/sonarts-core/tests/utils/navigation.test.ts">
    <testCase name="#findChild should work when node is present" duration="31"/>
    <testCase name="#findChild should work when one of wanted node is present" duration="21"/>
    <testCase name="#findChild should throw when cannot find node" duration="34"/>
  </file>
  <file path="/home/travis/build/SonarSource/SonarTS/sonarts-core/tests/utils/parser.test.ts">
    <testCase name="#parseTsConfig should always set traceResolution to false" duration="7"/>
    <testCase name="#parseTsConfig should use root directory when no tsconfig is found" duration="2"/>
  </file>
  <file path="/home/travis/build/SonarSource/SonarTS/sonarts-core/tests/utils/complexity.test.ts">
    <testCase name="should count complexity not skipping functions" duration="28"/>
    <testCase name="should count cognitive complexity for file" duration="42"/>
  </file>
  <file path="/home/travis/build/SonarSource/SonarTS/sonarts-core/tests/runner/rules.test.ts">
    <testCase name="should run sonarts rules" duration="1878"/>
  </file>
  <file path="/home/travis/build/SonarSource/SonarTS/sonarts-core/tests/rules/rulesProfile.test.ts">
    <testCase name="should contain all implemented rules" duration="3"/>
  </file>
  <file path="/home/travis/build/SonarSource/SonarTS/sonarts-core/tests/cfg/cfgBlock.test.ts">
    <testCase name="should create simple label" duration="2"/>
    <testCase name="should create multi-line label" duration="0"/>
  </file>
  <file path="/home/travis/build/SonarSource/SonarTS/sonarts-core/tests/rules/rulesReadme.test.ts">
    <testCase name="should contain all rules listed in extension" duration="27"/>
  </file>
  <file path="/home/travis/build/SonarSource/SonarTS/sonarts-core/tests/rules/noHardcodedCredentialsRule/noHardcodedCredentialsRule.test.ts">
    <testCase name="raises error" duration="36"/>
    <testCase name="raises errors with custom configuration" duration="25"/>
  </file>
  <file path="/home/travis/build/SonarSource/SonarTS/sonarts-core/tests/rules/parametersMaxNumberRule/parametersMaxNumberRule.test.ts">
    <testCase name="raises errors with default parameter" duration="1120"/>
    <testCase name="raises errors when set to Zero" duration="1072"/>
  </file>
  <file path="/home/travis/build/SonarSource/SonarTS/sonarts-core/tests/rules/cognitiveComplexityRule/cognitiveComplexityRule.test.ts">
    <testCase name="raises errors with default parameter" duration="35"/>
    <testCase name="raises errors when set to Zero" duration="58"/>
  </file>
  <file path="/home/travis/build/SonarSource/SonarTS/sonarts-core/tests/rules/mccabeComplexityRule/mccabeComplexityRule.test.ts">
    <testCase name="raises errors with default parameter" duration="50"/>
    <testCase name="raises errors when set to 1" duration="36"/>
  </file>
  <file path="/home/travis/build/SonarSource/SonarTS/sonarts-core/tests/rules/noBigFunctionRule/noBigFunctionRule.test.ts">
    <testCase name="raises error with default" duration="52"/>
    <testCase name="raises errors when set to 5" duration="24"/>
  </file>
  <file path="/home/travis/build/SonarSource/SonarTS/sonarts-core/tests/rules/maxSwitchCasesRule/maxSwitchCasesRule.test.ts">
    <testCase name="raises error" duration="51"/>
    <testCase name="raises errors when set to 3" duration="23"/>
  </file>
  <file path="/home/travis/build/SonarSource/SonarTS/sonarts-core/tests/rules/maxUnionSizeRule/maxUnionSizeRule.test.ts">
    <testCase name="raises error" duration="35"/>
    <testCase name="raises errors when set to 5" duration="43"/>
  </file>
  <file path="/home/travis/build/SonarSource/SonarTS/sonarts-core/tests/rules/noVariableUsageBeforeDeclarationRule/noVariableUsageBeforeDeclarationRule.test.ts">
    <testCase name="raises error" duration="1823"/>
  </file>
  <file path="/home/travis/build/SonarSource/SonarTS/sonarts-core/tests/rules/noMultilineStringLiteralsRule/noMultilineStringLiteralsRule.test.ts">
    <testCase name="raises error" duration="32"/>
  </file>
  <file path="/home/travis/build/SonarSource/SonarTS/sonarts-core/tests/rules/noNestedTemplateLiteralsRule/noNestedTemplateLiteralsRule.test.ts">
    <testCase name="raises error" duration="38"/>
  </file>
  <file path="/home/travis/build/SonarSource/SonarTS/sonarts-core/tests/rules/noCollectionSizeMischeckRule/noCollectionSizeMischeckRule.test.ts">
    <testCase name="raises error" duration="1782"/>
  </file>
  <file path="/home/travis/build/SonarSource/SonarTS/sonarts-core/tests/rules/noAllDuplicatedBranchesRule/noAllDuplicatedBranchesRule.test.ts">
    <testCase name="raises error" duration="59"/>
  </file>
  <file path="/home/travis/build/SonarSource/SonarTS/sonarts-core/tests/rules/noAccessorFieldMismatchRule/noAccessorFieldMismatchRule.test.ts">
    <testCase name="raises error" duration="2579"/>
  </file>
  <file path="/home/travis/build/SonarSource/SonarTS/sonarts-core/tests/rules/noGratuitousExpressionsRule/noGratuitousExpressionsRule.test.ts">
    <testCase name="raises error" duration="2038"/>
  </file>
  <file path="/home/travis/build/SonarSource/SonarTS/sonarts-core/tests/rules/noDuplicateInCompositeRule/noDuplicateInCompositeRule.test.ts">
    <testCase name="raises error" duration="44"/>
  </file>
  <file path="/home/travis/build/SonarSource/SonarTS/sonarts-core/tests/rules/noIdenticalExpressionsRule/noIdenticalExpressionsRule.test.ts">
    <testCase name="raises error" duration="42"/>
  </file>
  <file path="/home/travis/build/SonarSource/SonarTS/sonarts-core/tests/rules/noInvertedBooleanCheckRule/noInvertedBooleanCheckRule.test.ts">
    <testCase name="raises error" duration="32"/>
  </file>
  <file path="/home/travis/build/SonarSource/SonarTS/sonarts-core/tests/rules/noRedundantParenthesesRule/noRedundantParenthesesRule.test.ts">
    <testCase name="raises error" duration="34"/>
  </file>
  <file path="/home/travis/build/SonarSource/SonarTS/sonarts-core/tests/rules/preferPromiseShorthandRule/preferPromiseShorthandRule.test.ts">
    <testCase name="raises error" duration="34"/>
  </file>
  <file path="/home/travis/build/SonarSource/SonarTS/sonarts-core/tests/rules/noIgnoredInitialValueRule/noIgnoredInitialValueRule.test.ts">
    <testCase name="raises error" duration="2194"/>
  </file>
  <file path="/home/travis/build/SonarSource/SonarTS/sonarts-core/tests/rules/noUselessIntersectionRule/noUselessIntersectionRule.test.ts">
    <testCase name="raises error" duration="2111"/>
  </file>
  <file path="/home/travis/build/SonarSource/SonarTS/sonarts-core/tests/rules/noSameLineConditionalRule/noSameLineConditionalRule.test.ts">
    <testCase name="raises error" duration="40"/>
  </file>
  <file path="/home/travis/build/SonarSource/SonarTS/sonarts-core/tests/rules/preferImmediateReturnRule/preferImmediateReturnRule.test.ts">
    <testCase name="raises error" duration="2022"/>
  </file>
  <file path="/home/travis/build/SonarSource/SonarTS/sonarts-core/tests/rules/noIdenticalConditionsRule/noIdenticalConditionsRule.test.ts">
    <testCase name="raises error" duration="36"/>
  </file>
  <file path="/home/travis/build/SonarSource/SonarTS/sonarts-core/tests/rules/noEmptyDestructuringRule/noEmptyDestructuringRule.test.ts">
    <testCase name="raises error" duration="58"/>
  </file>
  <file path="/home/travis/build/SonarSource/SonarTS/sonarts-core/tests/rules/noIdenticalFunctionsRule/noIdenticalFunctionsRule.test.ts">
    <testCase name="raises error" duration="55"/>
  </file>
  <file path="/home/travis/build/SonarSource/SonarTS/sonarts-core/tests/rules/noStatementsSameLineRule/noStatementsSameLineRule.test.ts">
    <testCase name="raises error" duration="43"/>
  </file>
  <file path="/home/travis/build/SonarSource/SonarTS/sonarts-core/tests/rules/noDuplicatedBranchesRule/noDuplicatedBranchesRule.test.ts">
    <testCase name="raises error" duration="58"/>
  </file>
  <file path="/home/travis/build/SonarSource/SonarTS/sonarts-core/tests/rules/consecutiveOverloadsRule/consecutiveOverloadsRule.test.ts">
    <testCase name="raises error" duration="1166"/>
  </file>
  <file path="/home/travis/build/SonarSource/SonarTS/sonarts-core/tests/rules/noEmptyNestedBlocksRule/noEmptyNestedBlocksRule.test.ts">
    <testCase name="raises error" duration="62"/>
  </file>
  <file path="/home/travis/build/SonarSource/SonarTS/sonarts-core/tests/rules/noUndefinedArgumentRule/noUndefinedArgumentRule.test.ts">
    <testCase name="raises error" duration="1967"/>
  </file>
  <file path="/home/travis/build/SonarSource/SonarTS/sonarts-core/tests/rules/noElementOverwriteRule/noElementOverwriteRule.test.ts">
    <testCase name="raises error" duration="2607"/>
  </file>
  <file path="/home/travis/build/SonarSource/SonarTS/sonarts-core/tests/rules/noUnenclosedMultilineBlockRule/noUnenclosedMultilineBlockRule.test.ts">
    <testCase name="test" duration="63"/>
  </file>
  <file path="/home/travis/build/SonarSource/SonarTS/sonarts-core/tests/rules/noAlphabeticalSortRule/noAlphabeticalSortRule.test.ts">
    <testCase name="raises error" duration="1954"/>
  </file>
  <file path="/home/travis/build/SonarSource/SonarTS/sonarts-core/tests/rules/noUselessIncrementRule/noUselessIncrementRule.test.ts">
    <testCase name="raises error" duration="28"/>
  </file>
  <file path="/home/travis/build/SonarSource/SonarTS/sonarts-core/tests/rules/noRedundantBooleanRule/noRedundantBooleanRule.test.ts">
    <testCase name="raises error" duration="1145"/>
  </file>
  <file path="/home/travis/build/SonarSource/SonarTS/sonarts-core/tests/rules/noInvariantReturnRule/noInvariantReturnRule.test.ts">
    <testCase name="raises error" duration="56"/>
  </file>
  <file path="/home/travis/build/SonarSource/SonarTS/sonarts-core/tests/rules/noDuplicateStringRule/noDuplicateStringRule.test.ts">
    <testCase name="raises error" duration="39"/>
  </file>
  <file path="/home/travis/build/SonarSource/SonarTS/sonarts-core/tests/rules/preferDefaultLastRule/preferDefaultLastRule.test.ts">
    <testCase name="raises error" duration="35"/>
  </file>
  <file path="/home/travis/build/SonarSource/SonarTS/sonarts-core/tests/rules/boolParamDefaultRule/boolParamDefaultRule.test.ts">
    <testCase name="raises error" duration="37"/>
  </file>
  <file path="/home/travis/build/SonarSource/SonarTS/sonarts-core/tests/rules/noMisleadingArrayReverseRule/noMisleadingArrayReverseRule.test.ts">
    <testCase name="test" duration="2512"/>
  </file>
  <file path="/home/travis/build/SonarSource/SonarTS/sonarts-core/tests/rules/noExtraSemicolonRule/noExtraSemicolonRule.test.ts">
    <testCase name="raises error" duration="33"/>
  </file>
  <file path="/home/travis/build/SonarSource/SonarTS/sonarts-core/tests/rules/usePrimitiveTypeRule/usePrimitiveTypeRule.test.ts">
    <testCase name="raises error" duration="33"/>
  </file>
  <file path="/home/travis/build/SonarSource/SonarTS/sonarts-core/tests/rules/noCommentedCodeRule/noCommentedCodeRule.test.ts">
    <testCase name="raises error" duration="45"/>
  </file>
  <file path="/home/travis/build/SonarSource/SonarTS/sonarts-core/tests/rules/noCollapsibleIfRule/noCollapsibleIfRule.test.ts">
    <testCase name="raises error" duration="34"/>
  </file>
  <file path="/home/travis/build/SonarSource/SonarTS/sonarts-core/tests/rules/noRedundantJumpRule/noRedundantJumpRule.test.ts">
    <testCase name="raises error" duration="34"/>
  </file>
  <file path="/home/travis/build/SonarSource/SonarTS/sonarts-core/tests/rules/preferTypeGuardRule/preferTypeGuardRule.test.ts">
    <testCase name="raises error" duration="41"/>
  </file>
  <file path="/home/travis/build/SonarSource/SonarTS/sonarts-core/tests/rules/noReturnTypeAnyRule/noReturnTypeAnyRule.test.ts">
    <testCase name="raises error" duration="1964"/>
  </file>
  <file path="/home/travis/build/SonarSource/SonarTS/sonarts-core/tests/rules/noUseOfEmptyReturnValueRule/noUseOfEmptyReturnValueRule.test.ts">
    <testCase name="test" duration="1875"/>
  </file>
  <file path="/home/travis/build/SonarSource/SonarTS/sonarts-core/tests/rules/noInvalidAwaitRule/noInvalidAwaitRule.test.ts">
    <testCase name="raises error" duration="1780"/>
  </file>
  <file path="/home/travis/build/SonarSource/SonarTS/sonarts-core/tests/rules/preferOptionalRule/preferOptionalRule.test.ts">
    <testCase name="raises error" duration="37"/>
  </file>
  <file path="/home/travis/build/SonarSource/SonarTS/sonarts-core/tests/rules/argumentsOrderRule/argumentsOrderRule.test.ts">
    <testCase name="raises error" duration="1807"/>
  </file>
  <file path="/home/travis/build/SonarSource/SonarTS/sonarts-core/tests/rules/noNestedIncdecRule/noNestedIncdecRule.test.ts">
    <testCase name="raises error" duration="35"/>
  </file>
  <file path="/home/travis/build/SonarSource/SonarTS/sonarts-core/tests/rules/noUselessCatchRule/noUselessCatchRule.test.ts">
    <testCase name="raises error" duration="33"/>
  </file>
  <file path="/home/travis/build/SonarSource/SonarTS/sonarts-core/tests/rules/noNestedSwitchRule/noNestedSwitchRule.test.ts">
    <testCase name="raises error" duration="30"/>
  </file>
  <file path="/home/travis/build/SonarSource/SonarTS/sonarts-core/tests/rules/noSmallSwitchRule/noSmallSwitchRule.test.ts">
    <testCase name="raises error" duration="35"/>
  </file>
  <file path="/home/travis/build/SonarSource/SonarTS/sonarts-core/tests/rules/noArrayDeleteRule/noArrayDeleteRule.test.ts">
    <testCase name="raises error" duration="1968"/>
  </file>
  <file path="/home/travis/build/SonarSource/SonarTS/sonarts-core/tests/rules/noUnusedArrayRule/noUnusedArrayRule.test.ts">
    <testCase name="raises error" duration="1997"/>
  </file>
  <file path="/home/travis/build/SonarSource/SonarTS/sonarts-core/tests/rules/noUselessCastRule/noUselessCastRule.test.ts">
    <testCase name="raises error" duration="2004"/>
  </file>
  <file path="/home/travis/build/SonarSource/SonarTS/sonarts-core/tests/rules/noMisspelledOperatorRule/noMisspelledOperatorRule.test.ts">
    <testCase name="test" duration="33"/>
  </file>
  <file path="/home/travis/build/SonarSource/SonarTS/sonarts-core/tests/rules/noCaseWithOrRule/noCaseWithOrRule.test.ts">
    <testCase name="raises error" duration="31"/>
  </file>
  <file path="/home/travis/build/SonarSource/SonarTS/sonarts-core/tests/rules/noEmptyArrayRule/noEmptyArrayRule.test.ts">
    <testCase name="raises error" duration="1947"/>
  </file>
  <file path="/home/travis/build/SonarSource/SonarTS/sonarts-core/tests/rules/noInconsistentReturnRule/noInconsistentReturnRule.test.ts">
    <testCase name="test" duration="42"/>
  </file>
  <file path="/home/travis/build/SonarSource/SonarTS/sonarts-core/tests/rules/useTypeAliasRule/useTypeAliasRule.test.ts">
    <testCase name="raises error" duration="1889"/>
  </file>
  <file path="/home/travis/build/SonarSource/SonarTS/sonarts-core/tests/rules/noTryPromiseRule/noTryPromiseRule.test.ts">
    <testCase name="raises error" duration="2738"/>
  </file>
  <file path="/home/travis/build/SonarSource/SonarTS/sonarts-core/tests/rules/noDeadStoreRule/noDeadStoreRule.test.ts">
    <testCase name="raises error" duration="2068"/>
  </file>
  <file path="/home/travis/build/SonarSource/SonarTS/sonarts-core/tests/rules/noUnconditionalJumpRule/noUnconditionalJumpRule.test.ts">
    <testCase name="test" duration="115"/>
  </file>
  <file path="/home/travis/build/SonarSource/SonarTS/sonarts-core/tests/rules/noInMisuseRule/noInMisuseRule.test.ts">
    <testCase name="raises error" duration="1971"/>
  </file>
  <file path="/home/travis/build/SonarSource/SonarTS/sonarts-core/tests/rules/noSelfAssignmentRule/noSelfAssignmentRule.test.ts">
    <testCase name="test" duration="1868"/>
  </file>
  <file path="/home/travis/build/SonarSource/SonarTS/sonarts-core/tests/rules/noUnthrownErrorRule/noUnthrownErrorRule.test.ts">
    <testCase name="test" duration="33"/>
  </file>
  <file path="/home/travis/build/SonarSource/SonarTS/sonarts-core/tests/rules/noIgnoredReturnRule/noIgnoredReturnRule.test.ts">
    <testCase name="test" duration="1820"/>
  </file>
</testExecutions>